{"level":"info","message":"success","timestamp":"2022-09-28T07:55:53.985Z"}
{"level":"info","message":"success","timestamp":"2022-09-28T07:56:48.291Z"}
{"level":"info","message":"success","timestamp":"2022-09-28T07:57:11.600Z"}
{"level":"info","message":"product updated successfully","timestamp":"2022-09-28T07:57:31.138Z"}
{"level":"info","message":"product added successfully","timestamp":"2022-09-28T07:58:42.914Z"}
{"level":"info","message":"success","timestamp":"2022-09-28T07:58:42.964Z"}
{"level":"info","message":"success","timestamp":"2022-09-28T07:59:01.939Z"}
{"level":"info","message":"success","timestamp":"2022-09-28T09:16:37.982Z"}
{"level":"info","message":"success","timestamp":"2022-09-28T10:46:12.866Z"}
{"level":"info","message":"success","timestamp":"2022-09-28T10:56:12.300Z"}
{"level":"info","message":"success","timestamp":"2022-09-28T10:56:14.885Z"}
{"level":"info","message":"product updated successfully","timestamp":"2022-09-28T10:58:09.537Z"}
{"level":"info","message":"product updated successfully","timestamp":"2022-09-28T10:58:20.612Z"}
{"level":"info","message":"product updated successfully","timestamp":"2022-09-28T10:58:47.863Z"}
{"level":"info","message":"product updated successfully","timestamp":"2022-09-28T11:03:03.133Z"}
{"level":"info","message":"success","timestamp":"2022-09-28T11:03:03.198Z"}
{"level":"info","message":"success","timestamp":"2022-09-28T11:03:08.618Z"}
{"level":"info","message":"success","timestamp":"2022-09-28T11:07:13.645Z"}
{"level":"info","message":"success","timestamp":"2022-09-28T11:07:27.654Z"}
{"level":"info","message":"success","timestamp":"2022-09-28T11:09:11.497Z"}
{"level":"info","message":"success","timestamp":"2022-09-28T11:09:11.562Z"}
{"level":"info","message":"success","timestamp":"2022-09-28T11:09:14.534Z"}
{"level":"info","message":"success","timestamp":"2022-09-28T11:10:02.135Z"}
{"level":"info","message":"success","timestamp":"2022-09-28T11:10:02.206Z"}
{"level":"info","message":"success","timestamp":"2022-09-28T11:10:05.483Z"}
{"level":"info","message":"success","timestamp":"2022-09-28T11:12:44.909Z"}
{"level":"info","message":"success","timestamp":"2022-09-28T11:12:48.068Z"}
{"level":"info","message":"success","timestamp":"2022-09-28T11:12:51.066Z"}
{"level":"info","message":"success","timestamp":"2022-09-28T11:14:40.161Z"}
{"level":"info","message":"success","timestamp":"2022-09-28T11:14:40.923Z"}
{"level":"info","message":"success","timestamp":"2022-09-28T11:14:43.718Z"}
{"level":"info","message":"success","timestamp":"2022-09-28T11:18:47.668Z"}
{"level":"info","message":"success","timestamp":"2022-09-28T11:18:48.646Z"}
{"level":"info","message":"success","timestamp":"2022-09-28T11:24:04.109Z"}
{"level":"info","message":"success","timestamp":"2022-09-28T11:24:06.389Z"}
{"level":"info","message":"success","timestamp":"2022-09-28T11:24:16.432Z"}
{"level":"info","message":"success","timestamp":"2022-09-28T11:25:42.792Z"}
{"level":"info","message":"success","timestamp":"2022-09-28T11:25:45.712Z"}
{"level":"info","message":"success","timestamp":"2022-09-28T11:26:13.394Z"}
{"level":"info","message":"success","timestamp":"2022-09-28T11:26:17.025Z"}
{"level":"info","message":"success","timestamp":"2022-09-28T11:27:32.247Z"}
{"level":"info","message":"success","timestamp":"2022-09-28T11:28:02.378Z"}
{"level":"info","message":"success","timestamp":"2022-09-28T11:30:57.794Z"}
{"level":"info","message":"success","timestamp":"2022-09-28T11:31:04.366Z"}
{"level":"info","message":"success","timestamp":"2022-09-28T11:31:35.549Z"}
{"level":"info","message":"success","timestamp":"2022-09-28T11:31:47.694Z"}
{"level":"info","message":"success","timestamp":"2022-09-28T11:36:17.886Z"}
{"level":"info","message":"success","timestamp":"2022-09-28T11:36:19.154Z"}
{"level":"info","message":"success","timestamp":"2022-09-28T11:43:01.814Z"}
{"level":"info","message":"success","timestamp":"2022-09-28T11:43:40.441Z"}
{"level":"info","message":"success","timestamp":"2022-09-28T11:43:45.850Z"}
{"level":"info","message":"success","timestamp":"2022-09-28T11:44:41.383Z"}
{"level":"info","message":"success","timestamp":"2022-09-28T11:44:45.032Z"}
{"level":"info","message":"success","timestamp":"2022-09-28T11:55:17.726Z"}
{"level":"info","message":"success","timestamp":"2022-09-28T11:56:43.860Z"}
{"level":"info","message":"success","timestamp":"2022-09-28T11:57:38.512Z"}
{"level":"info","message":"success","timestamp":"2022-09-28T11:57:43.663Z"}
{"level":"info","message":"success","timestamp":"2022-09-28T12:02:36.937Z"}
{"level":"info","message":"success","timestamp":"2022-09-28T12:02:37.598Z"}
{"level":"info","message":"success","timestamp":"2022-09-28T12:05:44.209Z"}
{"level":"info","message":"success","timestamp":"2022-09-28T12:05:45.130Z"}
{"level":"info","message":"success","timestamp":"2022-09-28T12:05:49.976Z"}
{"level":"info","message":"success","timestamp":"2022-09-28T12:06:12.661Z"}
{"level":"info","message":"success","timestamp":"2022-09-28T12:06:21.021Z"}
{"level":"info","message":"success","timestamp":"2022-09-28T12:06:23.894Z"}
{"level":"info","message":"success","timestamp":"2022-09-28T12:06:57.829Z"}
{"level":"info","message":"success","timestamp":"2022-09-28T12:08:47.657Z"}
{"level":"info","message":"success","timestamp":"2022-09-28T12:08:48.234Z"}
{"level":"info","message":"success","timestamp":"2022-09-28T12:08:49.354Z"}
{"level":"info","message":"success","timestamp":"2022-09-28T12:09:21.780Z"}
{"level":"info","message":"success","timestamp":"2022-09-28T12:10:21.395Z"}
{"level":"info","message":"success","timestamp":"2022-09-28T12:13:26.724Z"}
{"level":"info","message":"success","timestamp":"2022-09-28T12:14:04.350Z"}
{"level":"info","message":"success","timestamp":"2022-09-28T12:14:04.567Z"}
{"level":"info","message":"success","timestamp":"2022-09-28T12:14:06.989Z"}
{"level":"info","message":"success","timestamp":"2022-09-28T12:14:42.432Z"}
{"level":"info","message":"success","timestamp":"2022-09-28T12:14:43.036Z"}
{"level":"info","message":"success","timestamp":"2022-09-28T12:14:45.611Z"}
{"level":"info","message":"success","timestamp":"2022-09-28T12:18:03.020Z"}
{"level":"info","message":"success","timestamp":"2022-09-28T12:18:05.324Z"}
{"level":"info","message":"success","timestamp":"2022-09-28T12:18:53.758Z"}
{"level":"info","message":"success","timestamp":"2022-09-28T12:18:55.977Z"}
{"level":"info","message":"success","timestamp":"2022-09-28T12:19:13.716Z"}
{"level":"info","message":"success","timestamp":"2022-09-28T12:19:14.217Z"}
{"level":"info","message":"success","timestamp":"2022-09-28T12:19:16.843Z"}
{"level":"info","message":"success","timestamp":"2022-09-28T12:19:54.484Z"}
{"level":"info","message":"success","timestamp":"2022-09-28T12:19:56.827Z"}
{"level":"info","message":"success","timestamp":"2022-09-28T12:20:09.434Z"}
{"level":"info","message":"success","timestamp":"2022-09-28T12:20:12.135Z"}
{"level":"info","message":"success","timestamp":"2022-09-28T12:25:46.890Z"}
{"level":"info","message":"success","timestamp":"2022-09-28T12:25:47.503Z"}
{"level":"info","message":"success","timestamp":"2022-09-28T12:25:49.981Z"}
{"level":"info","message":"success","timestamp":"2022-09-28T12:26:13.073Z"}
{"level":"info","message":"success","timestamp":"2022-09-28T12:26:15.583Z"}
{"level":"info","message":"success","timestamp":"2022-09-28T12:31:19.113Z"}
{"level":"info","message":"success","timestamp":"2022-09-28T12:31:26.121Z"}
{"level":"info","message":"success","timestamp":"2022-09-28T12:31:38.322Z"}
{"level":"info","message":"success","timestamp":"2022-09-28T12:31:42.558Z"}
{"level":"info","message":"success","timestamp":"2022-09-28T12:33:15.864Z"}
{"level":"info","message":"success","timestamp":"2022-09-28T12:34:41.640Z"}
{"level":"info","message":"success","timestamp":"2022-09-28T12:38:22.454Z"}
{"level":"info","message":"success","timestamp":"2022-09-28T12:38:25.457Z"}
{"level":"error","message":"error adding product","timestamp":"2022-09-28T12:41:44.076Z"}
{"level":"info","message":"success","timestamp":"2022-09-28T12:57:56.020Z"}
{"level":"info","message":"success","timestamp":"2022-09-28T12:58:20.781Z"}
{"level":"info","message":"success","timestamp":"2022-09-29T07:37:57.851Z"}
{"level":"info","message":"success","timestamp":"2022-09-29T07:38:28.423Z"}
{"level":"error","message":"error adding product","timestamp":"2022-09-29T07:39:24.957Z"}
{"level":"info","message":"item deleted successfully","timestamp":"2022-09-29T07:40:43.730Z"}
{"level":"info","message":"success","timestamp":"2022-09-29T07:41:02.507Z"}
{"level":"error","message":"error getting product by id","timestamp":"2022-09-29T07:42:18.535Z"}
{"level":"info","message":"success","timestamp":"2022-09-29T07:57:54.834Z"}
{"level":"info","message":"success published products only","timestamp":"2022-09-29T07:58:41.075Z"}
{"level":"info","message":"success published products only","timestamp":"2022-09-29T07:59:09.477Z"}
{"level":"info","message":"success published products only","timestamp":"2022-09-29T08:00:09.660Z"}
{"level":"info","message":"success published products only","timestamp":"2022-09-29T08:02:38.071Z"}
{"level":"info","message":"all products deleted successfully","timestamp":"2022-09-29T08:07:15.874Z"}
{"level":"error","message":"error adding product","timestamp":"2022-09-29T11:54:38.529Z"}
{"level":"error","message":"error adding product","timestamp":"2022-09-29T11:55:33.466Z"}
{"level":"error","message":"error adding product","timestamp":"2022-09-29T11:57:14.188Z"}
{"level":"error","message":"error adding product","timestamp":"2022-09-29T11:57:26.137Z"}
{"level":"error","message":"error adding product","timestamp":"2022-09-29T11:58:19.562Z"}
{"level":"info","message":"product added successfully","timestamp":"2022-09-29T11:58:56.364Z"}
{"level":"info","message":"product added successfully","timestamp":"2022-09-29T11:59:11.568Z"}
{"level":"info","message":"product added successfully","timestamp":"2022-09-29T12:01:36.925Z"}
{"level":"info","message":"product added successfully","timestamp":"2022-09-29T12:04:06.449Z"}
{"level":"info","message":"success","timestamp":"2022-09-29T12:06:30.977Z"}
{"level":"info","message":"success","timestamp":"2022-09-29T12:08:13.793Z"}
{"level":"info","message":"product added successfully","timestamp":"2022-09-29T12:08:37.962Z"}
{"level":"info","message":"product added successfully","timestamp":"2022-09-29T12:09:00.618Z"}
{"level":"info","message":"success","timestamp":"2022-09-29T12:09:39.868Z"}
{"level":"info","message":"success","timestamp":"2022-09-29T12:10:51.338Z"}
{"level":"info","message":"product added successfully","timestamp":"2022-09-29T12:28:27.919Z"}
{"level":"info","message":"product added successfully","timestamp":"2022-09-29T12:28:48.096Z"}
{"level":"info","message":"product added successfully","timestamp":"2022-09-29T12:28:53.878Z"}
{"level":"info","message":"product added successfully","timestamp":"2022-09-29T12:29:02.246Z"}
{"level":"info","message":"success","timestamp":"2022-09-29T12:55:20.558Z"}
{"level":"info","message":"product updated successfully","timestamp":"2022-09-29T13:05:18.841Z"}
{"level":"info","message":"success","timestamp":"2022-09-29T13:06:01.569Z"}
{"level":"info","message":"item deleted successfully","timestamp":"2022-09-29T13:06:56.066Z"}
{"level":"info","message":"success","timestamp":"2022-09-29T13:07:05.391Z"}
{"level":"info","message":"product updated successfully","timestamp":"2022-09-29T13:07:42.206Z"}
{"level":"info","message":"success","timestamp":"2022-09-29T13:07:55.760Z"}
{"level":"info","message":"product updated successfully","timestamp":"2022-09-29T13:08:52.022Z"}
{"level":"info","message":"success","timestamp":"2022-09-29T13:09:23.575Z"}
{"level":"info","message":"product updated successfully","timestamp":"2022-09-29T13:09:58.253Z"}
{"level":"info","message":"success","timestamp":"2022-09-29T13:10:08.496Z"}
{"level":"info","message":"product updated successfully","timestamp":"2022-09-29T13:10:27.437Z"}
{"level":"info","message":"success","timestamp":"2022-09-29T13:10:36.973Z"}
{"level":"info","message":"product added successfully","timestamp":"2022-09-29T17:57:49.386Z"}
{"level":"info","message":"product added successfully","timestamp":"2022-09-29T17:59:36.204Z"}
{"level":"info","message":"product added successfully","timestamp":"2022-09-29T17:59:59.399Z"}
{"level":"info","message":"product added successfully","timestamp":"2022-09-29T18:00:49.250Z"}
{"level":"info","message":"product added successfully","timestamp":"2022-09-29T18:00:50.975Z"}
{"level":"info","message":"product added successfully","timestamp":"2022-09-29T18:01:13.851Z"}
{"level":"info","message":"product added successfully","timestamp":"2022-09-29T18:01:34.140Z"}
{"level":"info","message":"product added successfully","timestamp":"2022-09-29T18:01:51.073Z"}
{"level":"info","message":"product added successfully","timestamp":"2022-09-29T18:02:15.319Z"}
{"level":"info","message":"product added successfully","timestamp":"2022-09-29T18:08:11.680Z"}
{"level":"info","message":"product added successfully","timestamp":"2022-09-29T19:03:41.033Z"}
{"level":"info","message":"success","timestamp":"2022-09-29T19:14:42.624Z"}
{"level":"info","message":"success","timestamp":"2022-09-29T19:17:17.625Z"}
{"level":"info","message":"product added successfully","timestamp":"2022-09-29T19:18:23.517Z"}
{"level":"info","message":"item deleted successfully","timestamp":"2022-09-29T19:19:16.485Z"}
{"level":"info","message":"success","timestamp":"2022-09-29T19:19:26.563Z"}
{"level":"info","message":"success published products only","timestamp":"2022-09-29T19:20:27.875Z"}
{"level":"info","message":"success published products only","timestamp":"2022-09-29T19:21:27.550Z"}
{"level":"info","message":"success","timestamp":"2022-09-29T19:21:41.869Z"}
{"level":"info","message":"success","timestamp":"2022-09-29T19:22:00.944Z"}
{"level":"info","message":"success","timestamp":"2022-09-29T19:22:28.326Z"}
{"level":"info","message":"success","timestamp":"2022-09-29T19:22:44.515Z"}
{"level":"info","message":"success","timestamp":"2022-09-29T19:23:54.872Z"}
{"level":"info","message":"success","timestamp":"2022-09-29T19:24:04.051Z"}
{"level":"info","message":"success","timestamp":"2022-09-29T19:24:13.158Z"}
{"level":"info","message":"success published products only","timestamp":"2022-09-29T19:24:22.686Z"}
{"level":"info","message":"success","timestamp":"2022-09-29T19:24:33.363Z"}
{"level":"info","message":"success","timestamp":"2022-09-29T19:25:56.941Z"}
{"level":"info","message":"success","timestamp":"2022-09-29T19:26:24.687Z"}
{"level":"info","message":"success","timestamp":"2022-09-29T19:26:38.734Z"}
{"level":"info","message":"success","timestamp":"2022-09-29T19:27:15.862Z"}
{"level":"info","message":"success","timestamp":"2022-09-29T19:27:35.876Z"}
{"level":"info","message":"success published products only","timestamp":"2022-09-29T19:29:41.773Z"}
{"level":"info","message":"success","timestamp":"2022-09-29T19:29:54.221Z"}
{"level":"info","message":"product updated successfully","timestamp":"2022-09-29T19:32:49.099Z"}
{"level":"info","message":"success","timestamp":"2022-09-29T19:33:04.840Z"}
{"level":"info","message":"success published products only","timestamp":"2022-09-29T19:33:16.819Z"}
{"level":"info","message":"all products deleted successfully","timestamp":"2022-09-29T19:33:55.492Z"}
{"level":"info","message":"success","timestamp":"2022-09-29T19:34:05.262Z"}
{"level":"info","message":"product added successfully","timestamp":"2022-09-29T19:34:18.055Z"}
{"level":"info","message":"product added successfully","timestamp":"2022-09-29T19:34:50.050Z"}
{"level":"info","message":"product added successfully","timestamp":"2022-09-29T19:35:18.998Z"}
{"level":"info","message":"success","timestamp":"2022-09-29T19:35:25.019Z"}
{"level":"info","message":"product added successfully","timestamp":"2022-09-29T19:35:59.689Z"}
{"level":"info","message":"success published products only","timestamp":"2022-09-29T19:46:00.312Z"}
{"level":"info","message":"success","timestamp":"2022-09-29T19:46:04.945Z"}
{"level":"error","message":"error adding product","timestamp":"2022-09-29T19:49:09.452Z"}
{"level":"info","message":"product added successfully","timestamp":"2022-09-29T19:49:34.464Z"}
{"level":"error","message":"error getting product by name","timestamp":"2022-09-29T20:01:42.691Z"}
{"level":"error","message":"error adding product","timestamp":"2022-09-29T20:03:23.008Z"}
{"level":"error","message":"error getting product by name","timestamp":"2022-09-29T20:04:28.164Z"}
{"level":"error","message":"error getting product by name","timestamp":"2022-09-29T20:05:35.956Z"}
{"level":"info","message":"success published products only","timestamp":"2022-09-29T20:07:23.805Z"}
{"level":"info","message":"success published products only","timestamp":"2022-09-29T20:11:19.194Z"}
{"level":"info","message":"success","timestamp":"2022-09-29T20:11:25.451Z"}
{"level":"info","message":"success","timestamp":"2022-10-21T19:21:01.954Z"}
{"level":"info","message":"success","timestamp":"2022-10-21T19:33:11.145Z"}
{"level":"info","message":"success","timestamp":"2022-10-21T19:33:16.382Z"}
{"level":"info","message":"success published products only","timestamp":"2022-10-21T19:33:30.182Z"}
{"level":"info","message":"success published products only","timestamp":"2022-10-21T19:33:48.551Z"}
{"level":"info","message":"success","timestamp":"2022-10-22T10:02:18.608Z"}
{"level":"info","message":"success","timestamp":"2022-10-22T10:04:21.128Z"}
{"level":"info","message":"success published products only","timestamp":"2022-10-22T10:04:31.177Z"}
